Added Component: Designator=Beep1(Bell)
Added Component: Designator=C1(Cap)
Added Component: Designator=C2(Cap)
Added Component: Designator=C3(Cap)
Added Component: Designator=C4(Cap)
Added Component: Designator=C5(Cap)
Added Component: Designator=C6(Cap)
Added Component: Designator=C7(Cap)
Added Component: Designator=C8(Cap)
Added Component: Designator=D1(Diode)
Added Component: Designator=D2(Diode)
Added Component: Designator=D3(LED)
Added Component: Designator=D4(LED)
Added Component: Designator=D5(LED)
Added Component: Designator=D6(Diode)
Added Component: Designator=D7(Diode)
Added Component: Designator=D8(Diode)
Added Component: Designator=D9(Diode)
Added Component: Designator=D10(LED)
Added Component: Designator=D11(Diode)
Added Component: Designator=P1(Relay)
Added Component: Designator=P2(Relay)
Added Component: Designator=P3(HDR1X2)
Added Component: Designator=P4(Switch)
Added Component: Designator=P5(DC)
Added Component: Designator=P6(HDR1X3)
Added Component: Designator=P7(HDR1X3)
Added Component: Designator=P8(HDR1X2)
Added Component: Designator=P9(Relay)
Added Component: Designator=P10(HDR1X2)
Added Component: Designator=P11(ESP8266)
Added Component: Designator=P12(HDR1X2)
Added Component: Designator=Q1(Triode)
Added Component: Designator=Q2(TO-92)
Added Component: Designator=Q3(Triode)
Added Component: Designator=Q4(TO-92)
Added Component: Designator=R1(RES)
Added Component: Designator=R2(RES)
Added Component: Designator=R3(RES)
Added Component: Designator=R4(RES)
Added Component: Designator=R5(RES)
Added Component: Designator=R6(RES)
Added Component: Designator=R7(RES)
Added Component: Designator=R8(RES)
Added Component: Designator=R9(RES)
Added Component: Designator=R10(RES)
Added Component: Designator=R11(RES)
Added Component: Designator=R12(RES)
Added Component: Designator=R13(RES)
Added Component: Designator=R14(RES)
Added Component: Designator=T1(Transforme)
Added Component: Designator=T2(Transforme)
Added Component: Designator=T3(Transforme)
Added Component: Designator=T4(Transforme)
Added Component: Designator=U1(DIP-4)
Added Component: Designator=U2(DIP-4)
Added Component: Designator=U3(STM32F103C8T6)
Added Component: Designator=U4(DIP-4)
Added Pin To Net: NetName=NetBeep1_1 Pin=Beep1-1
Added Pin To Net: NetName=GND Pin=Beep1-2
Added Pin To Net: NetName=GND Pin=C1-1
Added Pin To Net: NetName=IT2 Pin=C1-2
Added Pin To Net: NetName=GND Pin=C2-1
Added Pin To Net: NetName=IT2 Pin=C2-2
Added Pin To Net: NetName=GND Pin=C3-1
Added Pin To Net: NetName=UT Pin=C3-2
Added Pin To Net: NetName=GND Pin=C4-1
Added Pin To Net: NetName=UT Pin=C4-2
Added Pin To Net: NetName=GND Pin=C5-1
Added Pin To Net: NetName=IT1 Pin=C5-2
Added Pin To Net: NetName=GND Pin=C6-1
Added Pin To Net: NetName=IT1 Pin=C6-2
Added Pin To Net: NetName=GND Pin=C7-1
Added Pin To Net: NetName=IT3 Pin=C7-2
Added Pin To Net: NetName=GND Pin=C8-1
Added Pin To Net: NetName=IT3 Pin=C8-2
Added Pin To Net: NetName=NetD1_1 Pin=D1-1
Added Pin To Net: NetName=VCC Pin=D1-2
Added Pin To Net: NetName=NetD2_1 Pin=D2-1
Added Pin To Net: NetName=VCC Pin=D2-2
Added Pin To Net: NetName=VCC Pin=D3-1
Added Pin To Net: NetName=NetD3_2 Pin=D3-2
Added Pin To Net: NetName=NetD4_1 Pin=D4-1
Added Pin To Net: NetName=NetD4_2 Pin=D4-2
Added Pin To Net: NetName=NetD5_1 Pin=D5-1
Added Pin To Net: NetName=NetD5_2 Pin=D5-2
Added Pin To Net: NetName=NetD6_1 Pin=D6-1
Added Pin To Net: NetName=IT2 Pin=D6-2
Added Pin To Net: NetName=NetD7_1 Pin=D7-1
Added Pin To Net: NetName=UT Pin=D7-2
Added Pin To Net: NetName=NetD8_1 Pin=D8-1
Added Pin To Net: NetName=IT1 Pin=D8-2
Added Pin To Net: NetName=NetD9_1 Pin=D9-1
Added Pin To Net: NetName=VCC Pin=D9-2
Added Pin To Net: NetName=NetD10_1 Pin=D10-1
Added Pin To Net: NetName=NetD10_2 Pin=D10-2
Added Pin To Net: NetName=NetD11_1 Pin=D11-1
Added Pin To Net: NetName=IT3 Pin=D11-2
Added Pin To Net: NetName=NetD1_1 Pin=P1-1
Added Pin To Net: NetName=VCC Pin=P1-2
Added Pin To Net: NetName=L Pin=P1-3
Added Pin To Net: NetName=NetP1_4 Pin=P1-4
Added Pin To Net: NetName=VCC Pin=P2-1
Added Pin To Net: NetName=NetD2_1 Pin=P2-2
Added Pin To Net: NetName=L Pin=P2-3
Added Pin To Net: NetName=NetP2_4 Pin=P2-4
Added Pin To Net: NetName=L Pin=P3-1
Added Pin To Net: NetName=N Pin=P3-2
Added Pin To Net: NetName=NetP4_2 Pin=P4-2
Added Pin To Net: NetName=VCC Pin=P4-3
Added Pin To Net: NetName=GND Pin=P5-1
Added Pin To Net: NetName=NetP4_2 Pin=P5-3
Added Pin To Net: NetName=PA2 Pin=P6-1
Added Pin To Net: NetName=PA3 Pin=P6-2
Added Pin To Net: NetName=GND Pin=P6-3
Added Pin To Net: NetName=NetP7_1 Pin=P7-1
Added Pin To Net: NetName=NetP7_2 Pin=P7-2
Added Pin To Net: NetName=GND Pin=P7-3
Added Pin To Net: NetName=NetP8_1 Pin=P8-1
Added Pin To Net: NetName=N Pin=P8-2
Added Pin To Net: NetName=NetD9_1 Pin=P9-1
Added Pin To Net: NetName=VCC Pin=P9-2
Added Pin To Net: NetName=L Pin=P9-3
Added Pin To Net: NetName=NetP9_4 Pin=P9-4
Added Pin To Net: NetName=NetP10_1 Pin=P10-1
Added Pin To Net: NetName=N Pin=P10-2
Added Pin To Net: NetName=PA3 Pin=P11-1
Added Pin To Net: NetName=NetP11_2 Pin=P11-2
Added Pin To Net: NetName=PA2 Pin=P11-5
Added Pin To Net: NetName=GND Pin=P11-8
Added Pin To Net: NetName=NetP12_1 Pin=P12-1
Added Pin To Net: NetName=N Pin=P12-2
Added Pin To Net: NetName=GND Pin=Q1-1
Added Pin To Net: NetName=NetQ1_2 Pin=Q1-2
Added Pin To Net: NetName=NetD1_1 Pin=Q1-3
Added Pin To Net: NetName=GND Pin=Q2-1
Added Pin To Net: NetName=NetQ2_2 Pin=Q2-2
Added Pin To Net: NetName=NetD2_1 Pin=Q2-3
Added Pin To Net: NetName=NetQ3_2 Pin=Q3-2
Added Pin To Net: NetName=NetBeep1_1 Pin=Q3-3
Added Pin To Net: NetName=GND Pin=Q4-1
Added Pin To Net: NetName=NetQ4_2 Pin=Q4-2
Added Pin To Net: NetName=NetD9_1 Pin=Q4-3
Added Pin To Net: NetName=GND Pin=R1-1
Added Pin To Net: NetName=NetD3_2 Pin=R1-2
Added Pin To Net: NetName=PB7 Pin=R2-1
Added Pin To Net: NetName=NetD5_2 Pin=R2-2
Added Pin To Net: NetName=NetQ1_2 Pin=R3-1
Added Pin To Net: NetName=NetR3_2 Pin=R3-2
Added Pin To Net: NetName=NetD4_2 Pin=R4-1
Added Pin To Net: NetName=PB6 Pin=R4-2
Added Pin To Net: NetName=NetR5_1 Pin=R5-1
Added Pin To Net: NetName=NetQ2_2 Pin=R5-2
Added Pin To Net: NetName=NetP2_4 Pin=R6-1
Added Pin To Net: NetName=NetR6_2 Pin=R6-2
Added Pin To Net: NetName=GND Pin=R7-1
Added Pin To Net: NetName=IT2 Pin=R7-2
Added Pin To Net: NetName=GND Pin=R8-1
Added Pin To Net: NetName=UT Pin=R8-2
Added Pin To Net: NetName=GND Pin=R9-1
Added Pin To Net: NetName=IT1 Pin=R9-2
Added Pin To Net: NetName=NetD10_2 Pin=R10-1
Added Pin To Net: NetName=PB8 Pin=R10-2
Added Pin To Net: NetName=NetQ4_2 Pin=R11-1
Added Pin To Net: NetName=NetR11_2 Pin=R11-2
Added Pin To Net: NetName=BEEP Pin=R12-1
Added Pin To Net: NetName=NetQ3_2 Pin=R12-2
Added Pin To Net: NetName=NetP11_2 Pin=R13-2
Added Pin To Net: NetName=GND Pin=R14-1
Added Pin To Net: NetName=IT3 Pin=R14-2
Added Pin To Net: NetName=NetP1_4 Pin=T1-1
Added Pin To Net: NetName=NetP8_1 Pin=T1-2
Added Pin To Net: NetName=GND Pin=T1-3
Added Pin To Net: NetName=NetD6_1 Pin=T1-4
Added Pin To Net: NetName=NetR6_2 Pin=T2-1
Added Pin To Net: NetName=N Pin=T2-2
Added Pin To Net: NetName=GND Pin=T2-3
Added Pin To Net: NetName=NetD7_1 Pin=T2-4
Added Pin To Net: NetName=NetP2_4 Pin=T3-1
Added Pin To Net: NetName=NetP10_1 Pin=T3-2
Added Pin To Net: NetName=GND Pin=T3-3
Added Pin To Net: NetName=NetD8_1 Pin=T3-4
Added Pin To Net: NetName=NetP9_4 Pin=T4-1
Added Pin To Net: NetName=NetP12_1 Pin=T4-2
Added Pin To Net: NetName=GND Pin=T4-3
Added Pin To Net: NetName=NetD11_1 Pin=T4-4
Added Pin To Net: NetName=NetD5_1 Pin=U1-2
Added Pin To Net: NetName=NetR3_2 Pin=U1-3
Added Pin To Net: NetName=VCC Pin=U1-4
Added Pin To Net: NetName=NetD4_1 Pin=U2-2
Added Pin To Net: NetName=NetR5_1 Pin=U2-3
Added Pin To Net: NetName=VCC Pin=U2-4
Added Pin To Net: NetName=IT1 Pin=U3-5
Added Pin To Net: NetName=IT2 Pin=U3-6
Added Pin To Net: NetName=PA2 Pin=U3-7
Added Pin To Net: NetName=PA3 Pin=U3-8
Added Pin To Net: NetName=IT3 Pin=U3-9
Added Pin To Net: NetName=UT Pin=U3-11
Added Pin To Net: NetName=GND Pin=U3-20
Added Pin To Net: NetName=BEEP Pin=U3-21
Added Pin To Net: NetName=NetP7_2 Pin=U3-26
Added Pin To Net: NetName=NetP7_1 Pin=U3-27
Added Pin To Net: NetName=PB6 Pin=U3-34
Added Pin To Net: NetName=PB7 Pin=U3-35
Added Pin To Net: NetName=PB8 Pin=U3-36
Added Pin To Net: NetName=VCC Pin=U3-38
Added Pin To Net: NetName=GND Pin=U3-39
Added Pin To Net: NetName=NetD10_1 Pin=U4-2
Added Pin To Net: NetName=NetR11_2 Pin=U4-3
Added Pin To Net: NetName=VCC Pin=U4-4
Added Pin To Net: NetName=3.3V① Pin=U1-1
Added Pin To Net: NetName=3.3V① Pin=U2-1
Added Pin To Net: NetName=3.3V① Pin=U3-40
Added Pin To Net: NetName=3.3V① Pin=U4-1
Added Net: Name=3.3V①
Added Pin To Net: NetName=3.3V② Pin=P11-4
Added Pin To Net: NetName=3.3V② Pin=Q3-1
Added Pin To Net: NetName=3.3V② Pin=R13-1
Added Pin To Net: NetName=3.3V② Pin=U3-18
Added Net: Name=3.3V②
Added Member To Class: ClassName=PCB2 Member=Component Beep1 Beep
Added Member To Class: ClassName=PCB2 Member=Component C1 CAP-A
Added Member To Class: ClassName=PCB2 Member=Component C2 CAP-B
Added Member To Class: ClassName=PCB2 Member=Component C3 CAP-A
Added Member To Class: ClassName=PCB2 Member=Component C4 CAP-B
Added Member To Class: ClassName=PCB2 Member=Component C5 CAP-A
Added Member To Class: ClassName=PCB2 Member=Component C6 CAP-B
Added Member To Class: ClassName=PCB2 Member=Component C7 CAP-A
Added Member To Class: ClassName=PCB2 Member=Component C8 CAP-B
Added Member To Class: ClassName=PCB2 Member=Component D1 Diode
Added Member To Class: ClassName=PCB2 Member=Component D2 Diode
Added Member To Class: ClassName=PCB2 Member=Component D3 LED
Added Member To Class: ClassName=PCB2 Member=Component D4 LED
Added Member To Class: ClassName=PCB2 Member=Component D5 LED
Added Member To Class: ClassName=PCB2 Member=Component D6 Diode
Added Member To Class: ClassName=PCB2 Member=Component D7 Diode
Added Member To Class: ClassName=PCB2 Member=Component D8 Diode
Added Member To Class: ClassName=PCB2 Member=Component D9 Diode
Added Member To Class: ClassName=PCB2 Member=Component D10 LED
Added Member To Class: ClassName=PCB2 Member=Component D11 Diode
Added Member To Class: ClassName=PCB2 Member=Component P1 Relay-5
Added Member To Class: ClassName=PCB2 Member=Component P2 Relay-5
Added Member To Class: ClassName=PCB2 Member=Component P3 Header 2
Added Member To Class: ClassName=PCB2 Member=Component P4 开关
Added Member To Class: ClassName=PCB2 Member=Component P5 电源插座
Added Member To Class: ClassName=PCB2 Member=Component P6 串口调试接口
Added Member To Class: ClassName=PCB2 Member=Component P7 串口调试接口
Added Member To Class: ClassName=PCB2 Member=Component P8 Header 2
Added Member To Class: ClassName=PCB2 Member=Component P9 Relay-5
Added Member To Class: ClassName=PCB2 Member=Component P10 Header 2
Added Member To Class: ClassName=PCB2 Member=Component P11 ESP8266
Added Member To Class: ClassName=PCB2 Member=Component P12 Header 2
Added Member To Class: ClassName=PCB2 Member=Component Q1 NPN
Added Member To Class: ClassName=PCB2 Member=Component Q2 NPN
Added Member To Class: ClassName=PCB2 Member=Component Q3 PNP
Added Member To Class: ClassName=PCB2 Member=Component Q4 NPN
Added Member To Class: ClassName=PCB2 Member=Component R1 RES
Added Member To Class: ClassName=PCB2 Member=Component R2 RES
Added Member To Class: ClassName=PCB2 Member=Component R3 RES
Added Member To Class: ClassName=PCB2 Member=Component R4 RES
Added Member To Class: ClassName=PCB2 Member=Component R5 RES
Added Member To Class: ClassName=PCB2 Member=Component R6 RES
Added Member To Class: ClassName=PCB2 Member=Component R7 RES
Added Member To Class: ClassName=PCB2 Member=Component R8 RES
Added Member To Class: ClassName=PCB2 Member=Component R9 RES
Added Member To Class: ClassName=PCB2 Member=Component R10 RES
Added Member To Class: ClassName=PCB2 Member=Component R11 RES
Added Member To Class: ClassName=PCB2 Member=Component R12 RES
Added Member To Class: ClassName=PCB2 Member=Component R13 RES
Added Member To Class: ClassName=PCB2 Member=Component R14 RES
Added Member To Class: ClassName=PCB2 Member=Component T1 TA1005-1M
Added Member To Class: ClassName=PCB2 Member=Component T2 TV1005-1M
Added Member To Class: ClassName=PCB2 Member=Component T3 TA1005-1M
Added Member To Class: ClassName=PCB2 Member=Component T4 TA1005-1M
Added Member To Class: ClassName=PCB2 Member=Component U1 Optoisolator
Added Member To Class: ClassName=PCB2 Member=Component U2 Optoisolator
Added Member To Class: ClassName=PCB2 Member=Component U3 STM32F103C8T6
Added Member To Class: ClassName=PCB2 Member=Component U4 Optoisolator
Added Room: Name=PCB2
