Removed Pin From Net: NetName=GND¢Ú Pin=Beep1-2
Removed Pin From Net: NetName=3.3V¢Ú Pin=P11-4
Removed Pin From Net: NetName=GND¢Ú Pin=P11-8
Removed Pin From Net: NetName=GND¢Ú Pin=Q1-1
Removed Pin From Net: NetName=GND¢Ú Pin=Q2-1
Removed Pin From Net: NetName=3.3V¢Ú Pin=Q3-1
Removed Pin From Net: NetName=GND¢Ú Pin=Q4-1
Removed Pin From Net: NetName=3.3V¢Ú Pin=R13-1
Removed Pin From Net: NetName=GND¢Ú Pin=U3-20
Added Pin To Net: NetName=GND¢Ù Pin=Beep1-2
Added Pin To Net: NetName=3.3V¢Ù Pin=P11-4
Added Pin To Net: NetName=GND¢Ù Pin=P11-8
Added Pin To Net: NetName=GND¢Ù Pin=Q1-1
Added Pin To Net: NetName=GND¢Ù Pin=Q2-1
Added Pin To Net: NetName=3.3V¢Ù Pin=Q3-1
Added Pin To Net: NetName=GND¢Ù Pin=Q4-1
Added Pin To Net: NetName=3.3V¢Ù Pin=R13-1
Added Pin To Net: NetName=GND¢Ù Pin=U3-20
Change Net Name : Old Net Name=3.3V¢Ù New Net Name=3.3V
Change Net Name : Old Net Name=GND¢Ù New Net Name=GND
Added Room: Name=PCB2
